{"uid":"c3af325f9693058b","name":"Hootel Login","fullName":"test.test_hootel.TestHootel#test_login","historyId":"1c574e300f01ee8dbb888f7ace0438ff","time":{"start":1757771657557,"stop":1757771657558,"duration":1},"description":"A belépés tesztelése","descriptionHtml":"<p>A belépés tesztelése</p>\n","status":"broken","statusMessage":"selenium.common.exceptions.SessionNotCreatedException: Message: session not created\nfrom unknown error: no chrome binary at /usr/bin/google-chrome; For documentation on this error, please visit: https://www.selenium.dev/documentation/webdriver/troubleshooting/errors#sessionnotcreatedexception\nStacktrace:\n#0 0x560d93b6993a <unknown>\n#1 0x560d935ffe60 <unknown>\n#2 0x560d93636f52 <unknown>\n#3 0x560d93635d0f <unknown>\n#4 0x560d936846e1 <unknown>\n#5 0x560d93683e06 <unknown>\n#6 0x560d93675f03 <unknown>\n#7 0x560d93642a5a <unknown>\n#8 0x560d936436d1 <unknown>\n#9 0x560d93b2eecf <unknown>\n#10 0x560d93b32ed8 <unknown>\n#11 0x560d93b15dac <unknown>\n#12 0x560d93b3367e <unknown>\n#13 0x560d93afd26e <unknown>\n#14 0x560d93b57208 <unknown>\n#15 0x560d93b57418 <unknown>\n#16 0x560d93b6853c <unknown>\n#17 0x7f2d603c9ac3 <unknown>","statusTrace":"self = <test_hootel.TestHootel object at 0x7f63277b7c50>\n\n    def setup_method(self):\n        URL = 'http://hotel-v3.progmasters.hu/'\n        options = Options()\n        options.add_experimental_option(\"detach\", True)\n        options.add_argument(\"--headles\")\n>       self.browser = webdriver.Chrome(options=options)\n                       ^^^^^^^^^^^^^^^^^^^^^^^^^^^^^^^^^\n\ntest/test_hootel.py:14: \n_ _ _ _ _ _ _ _ _ _ _ _ _ _ _ _ _ _ _ _ _ _ _ _ _ _ _ _ _ _ _ _ _ _ _ _ _ _ _ _ \n/opt/hostedtoolcache/Python/3.13.7/x64/lib/python3.13/site-packages/selenium/webdriver/chrome/webdriver.py:47: in __init__\n    super().__init__(\n/opt/hostedtoolcache/Python/3.13.7/x64/lib/python3.13/site-packages/selenium/webdriver/chromium/webdriver.py:69: in __init__\n    super().__init__(command_executor=executor, options=options)\n/opt/hostedtoolcache/Python/3.13.7/x64/lib/python3.13/site-packages/selenium/webdriver/remote/webdriver.py:263: in __init__\n    self.start_session(capabilities)\n/opt/hostedtoolcache/Python/3.13.7/x64/lib/python3.13/site-packages/selenium/webdriver/remote/webdriver.py:366: in start_session\n    response = self.execute(Command.NEW_SESSION, caps)[\"value\"]\n               ^^^^^^^^^^^^^^^^^^^^^^^^^^^^^^^^^^^^^^^\n/opt/hostedtoolcache/Python/3.13.7/x64/lib/python3.13/site-packages/selenium/webdriver/remote/webdriver.py:458: in execute\n    self.error_handler.check_response(response)\n_ _ _ _ _ _ _ _ _ _ _ _ _ _ _ _ _ _ _ _ _ _ _ _ _ _ _ _ _ _ _ _ _ _ _ _ _ _ _ _ \n\nself = <selenium.webdriver.remote.errorhandler.ErrorHandler object at 0x7f632712de80>\nresponse = {'status': 500, 'value': '{\"value\":{\"error\":\"session not created\",\"message\":\"session not created\\\\nfrom unknown error:...\\\\n#15 0x560d93b57418 \\\\u003Cunknown>\\\\n#16 0x560d93b6853c \\\\u003Cunknown>\\\\n#17 0x7f2d603c9ac3 \\\\u003Cunknown>\\\\n\"}}'}\n\n    def check_response(self, response: dict[str, Any]) -> None:\n        \"\"\"Checks that a JSON response from the WebDriver does not have an\n        error.\n    \n        :Args:\n         - response - The JSON response from the WebDriver server as a dictionary\n           object.\n    \n        :Raises: If the response contains an error message.\n        \"\"\"\n        status = response.get(\"status\", None)\n        if not status or status == ErrorCode.SUCCESS:\n            return\n        value = None\n        message = response.get(\"message\", \"\")\n        screen: str = response.get(\"screen\", \"\")\n        stacktrace = None\n        if isinstance(status, int):\n            value_json = response.get(\"value\", None)\n            if value_json and isinstance(value_json, str):\n                try:\n                    value = json.loads(value_json)\n                    if isinstance(value, dict):\n                        if len(value) == 1:\n                            value = value[\"value\"]\n                        status = value.get(\"error\", None)\n                        if not status:\n                            status = value.get(\"status\", ErrorCode.UNKNOWN_ERROR)\n                            message = value.get(\"value\") or value.get(\"message\")\n                            if not isinstance(message, str):\n                                value = message\n                                message = message.get(\"message\")\n                        else:\n                            message = value.get(\"message\", None)\n                except ValueError:\n                    pass\n    \n        exception_class: type[WebDriverException]\n        e = ErrorCode()\n        error_codes = [item for item in dir(e) if not item.startswith(\"__\")]\n        for error_code in error_codes:\n            error_info = getattr(ErrorCode, error_code)\n            if isinstance(error_info, list) and status in error_info:\n                exception_class = getattr(ExceptionMapping, error_code, WebDriverException)\n                break\n        else:\n            exception_class = WebDriverException\n    \n        if not value:\n            value = response[\"value\"]\n        if isinstance(value, str):\n            raise exception_class(value)\n        if message == \"\" and \"message\" in value:\n            message = value[\"message\"]\n    \n        screen = None  # type: ignore[assignment]\n        if \"screen\" in value:\n            screen = value[\"screen\"]\n    \n        stacktrace = None\n        st_value = value.get(\"stackTrace\") or value.get(\"stacktrace\")\n        if st_value:\n            if isinstance(st_value, str):\n                stacktrace = st_value.split(\"\\n\")\n            else:\n                stacktrace = []\n                try:\n                    for frame in st_value:\n                        line = frame.get(\"lineNumber\", \"\")\n                        file = frame.get(\"fileName\", \"<anonymous>\")\n                        if line:\n                            file = f\"{file}:{line}\"\n                        meth = frame.get(\"methodName\", \"<anonymous>\")\n                        if \"className\" in frame:\n                            meth = f\"{frame['className']}.{meth}\"\n                        msg = \"    at %s (%s)\"\n                        msg = msg % (meth, file)\n                        stacktrace.append(msg)\n                except TypeError:\n                    pass\n        if exception_class == UnexpectedAlertPresentException:\n            alert_text = None\n            if \"data\" in value:\n                alert_text = value[\"data\"].get(\"text\")\n            elif \"alert\" in value:\n                alert_text = value[\"alert\"].get(\"text\")\n            raise exception_class(message, screen, stacktrace, alert_text)  # type: ignore[call-arg]  # mypy is not smart enough here\n>       raise exception_class(message, screen, stacktrace)\nE       selenium.common.exceptions.SessionNotCreatedException: Message: session not created\nE       from unknown error: no chrome binary at /usr/bin/google-chrome; For documentation on this error, please visit: https://www.selenium.dev/documentation/webdriver/troubleshooting/errors#sessionnotcreatedexception\nE       Stacktrace:\nE       #0 0x560d93b6993a <unknown>\nE       #1 0x560d935ffe60 <unknown>\nE       #2 0x560d93636f52 <unknown>\nE       #3 0x560d93635d0f <unknown>\nE       #4 0x560d936846e1 <unknown>\nE       #5 0x560d93683e06 <unknown>\nE       #6 0x560d93675f03 <unknown>\nE       #7 0x560d93642a5a <unknown>\nE       #8 0x560d936436d1 <unknown>\nE       #9 0x560d93b2eecf <unknown>\nE       #10 0x560d93b32ed8 <unknown>\nE       #11 0x560d93b15dac <unknown>\nE       #12 0x560d93b3367e <unknown>\nE       #13 0x560d93afd26e <unknown>\nE       #14 0x560d93b57208 <unknown>\nE       #15 0x560d93b57418 <unknown>\nE       #16 0x560d93b6853c <unknown>\nE       #17 0x7f2d603c9ac3 <unknown>\n\n/opt/hostedtoolcache/Python/3.13.7/x64/lib/python3.13/site-packages/selenium/webdriver/remote/errorhandler.py:232: SessionNotCreatedException","flaky":false,"newFailed":false,"newBroken":false,"newPassed":false,"retriesCount":0,"retriesStatusChange":false,"beforeStages":[{"name":"_xunit_setup_method_fixture_TestHootel","time":{"start":1757771657558,"stop":1757771659726,"duration":2168},"status":"broken","statusMessage":"selenium.common.exceptions.SessionNotCreatedException: Message: session not created\nfrom unknown error: no chrome binary at /usr/bin/google-chrome; For documentation on this error, please visit: https://www.selenium.dev/documentation/webdriver/troubleshooting/errors#sessionnotcreatedexception\nStacktrace:\n#0 0x560d93b6993a <unknown>\n#1 0x560d935ffe60 <unknown>\n#2 0x560d93636f52 <unknown>\n#3 0x560d93635d0f <unknown>\n#4 0x560d936846e1 <unknown>\n#5 0x560d93683e06 <unknown>\n#6 0x560d93675f03 <unknown>\n#7 0x560d93642a5a <unknown>\n#8 0x560d936436d1 <unknown>\n#9 0x560d93b2eecf <unknown>\n#10 0x560d93b32ed8 <unknown>\n#11 0x560d93b15dac <unknown>\n#12 0x560d93b3367e <unknown>\n#13 0x560d93afd26e <unknown>\n#14 0x560d93b57208 <unknown>\n#15 0x560d93b57418 <unknown>\n#16 0x560d93b6853c <unknown>\n#17 0x7f2d603c9ac3 <unknown>\n\n","statusTrace":"  File \"/opt/hostedtoolcache/Python/3.13.7/x64/lib/python3.13/site-packages/pluggy/_callers.py\", line 38, in run_old_style_hookwrapper\n    res = yield\n          ^^^^^\n  File \"/opt/hostedtoolcache/Python/3.13.7/x64/lib/python3.13/site-packages/pluggy/_callers.py\", line 139, in _multicall\n    teardown.throw(exception)\n    ~~~~~~~~~~~~~~^^^^^^^^^^^\n  File \"/opt/hostedtoolcache/Python/3.13.7/x64/lib/python3.13/site-packages/_pytest/setuponly.py\", line 36, in pytest_fixture_setup\n    return (yield)\n            ^^^^^\n  File \"/opt/hostedtoolcache/Python/3.13.7/x64/lib/python3.13/site-packages/pluggy/_callers.py\", line 121, in _multicall\n    res = hook_impl.function(*args)\n  File \"/opt/hostedtoolcache/Python/3.13.7/x64/lib/python3.13/site-packages/_pytest/fixtures.py\", line 1196, in pytest_fixture_setup\n    result = call_fixture_func(fixturefunc, request, kwargs)\n  File \"/opt/hostedtoolcache/Python/3.13.7/x64/lib/python3.13/site-packages/_pytest/fixtures.py\", line 923, in call_fixture_func\n    fixture_result = next(generator)\n  File \"/opt/hostedtoolcache/Python/3.13.7/x64/lib/python3.13/site-packages/_pytest/python.py\", line 826, in xunit_setup_method_fixture\n    _call_with_optional_argument(func, method)\n    ~~~~~~~~~~~~~~~~~~~~~~~~~~~~^^^^^^^^^^^^^^\n  File \"/opt/hostedtoolcache/Python/3.13.7/x64/lib/python3.13/site-packages/_pytest/python.py\", line 722, in _call_with_optional_argument\n    func()\n    ~~~~^^\n  File \"/home/runner/work/cicd-py-example-hotel/cicd-py-example-hotel/test/test_hootel.py\", line 14, in setup_method\n    self.browser = webdriver.Chrome(options=options)\n                   ~~~~~~~~~~~~~~~~^^^^^^^^^^^^^^^^^\n  File \"/opt/hostedtoolcache/Python/3.13.7/x64/lib/python3.13/site-packages/selenium/webdriver/chrome/webdriver.py\", line 47, in __init__\n    super().__init__(\n    ~~~~~~~~~~~~~~~~^\n        browser_name=DesiredCapabilities.CHROME[\"browserName\"],\n        ^^^^^^^^^^^^^^^^^^^^^^^^^^^^^^^^^^^^^^^^^^^^^^^^^^^^^^^\n    ...<3 lines>...\n        keep_alive=keep_alive,\n        ^^^^^^^^^^^^^^^^^^^^^^\n    )\n    ^\n  File \"/opt/hostedtoolcache/Python/3.13.7/x64/lib/python3.13/site-packages/selenium/webdriver/chromium/webdriver.py\", line 69, in __init__\n    super().__init__(command_executor=executor, options=options)\n    ~~~~~~~~~~~~~~~~^^^^^^^^^^^^^^^^^^^^^^^^^^^^^^^^^^^^^^^^^^^^\n  File \"/opt/hostedtoolcache/Python/3.13.7/x64/lib/python3.13/site-packages/selenium/webdriver/remote/webdriver.py\", line 263, in __init__\n    self.start_session(capabilities)\n    ~~~~~~~~~~~~~~~~~~^^^^^^^^^^^^^^\n  File \"/opt/hostedtoolcache/Python/3.13.7/x64/lib/python3.13/site-packages/selenium/webdriver/remote/webdriver.py\", line 366, in start_session\n    response = self.execute(Command.NEW_SESSION, caps)[\"value\"]\n               ~~~~~~~~~~~~^^^^^^^^^^^^^^^^^^^^^^^^^^^\n  File \"/opt/hostedtoolcache/Python/3.13.7/x64/lib/python3.13/site-packages/selenium/webdriver/remote/webdriver.py\", line 458, in execute\n    self.error_handler.check_response(response)\n    ~~~~~~~~~~~~~~~~~~~~~~~~~~~~~~~~~^^^^^^^^^^\n  File \"/opt/hostedtoolcache/Python/3.13.7/x64/lib/python3.13/site-packages/selenium/webdriver/remote/errorhandler.py\", line 232, in check_response\n    raise exception_class(message, screen, stacktrace)\n","steps":[],"attachments":[],"parameters":[],"stepsCount":0,"shouldDisplayMessage":true,"attachmentsCount":0,"hasContent":true,"attachmentStep":false}],"afterStages":[],"labels":[{"name":"severity","value":"trivial"},{"name":"tag","value":"login"},{"name":"parentSuite","value":"test"},{"name":"suite","value":"test_hootel"},{"name":"subSuite","value":"TestHootel"},{"name":"host","value":"runnervmf4ws1"},{"name":"thread","value":"5642-MainThread"},{"name":"framework","value":"pytest"},{"name":"language","value":"cpython3"},{"name":"package","value":"test.test_hootel"},{"name":"resultFormat","value":"allure2"}],"parameters":[],"links":[],"hidden":false,"retry":false,"extra":{"severity":"trivial","retries":[],"categories":[{"name":"Test defects","matchedStatuses":[],"flaky":false}],"tags":["login"]},"source":"c3af325f9693058b.json","parameterValues":[]}